srcscan starts
-- Analyzing VHDL file "C:/Xilinx/Vivado/2017.4/data/vhdl/src/std/standard.vhd" into library std (VHDL-9003)
INFO: analyzing package STANDARD (VHDL-1014)
-- Analyzing VHDL file "C:/Xilinx/Vivado/2017.4/data/vhdl/src/std/textio.vhd" into library std (VHDL-9003)
INFO: analyzing package TEXTIO (VHDL-1014)
INFO: analyzing package body TEXTIO (VHDL-1013)
-- Analyzing VHDL file "C:/Xilinx/Vivado/2017.4/data/vhdl/src/synopsys/compileToSynopsys/attributes.vhd" into library synopsys (VHDL-9003)
INFO: analyzing package ATTRIBUTES (VHDL-1014)
-- Analyzing VHDL file "C:/Xilinx/Vivado/2017.4/data/vhdl/src/ieee/distributable/std_logic_1164.vhd" into library ieee (VHDL-9003)
INFO: analyzing package std_logic_1164 (VHDL-1014)
INFO: analyzing package body std_logic_1164 (VHDL-1013)
-- Analyzing VHDL file "C:/Xilinx/Vivado/2017.4/data/vhdl/src/ieee/distributable/numeric_std.vhd" into library ieee (VHDL-9003)
INFO: analyzing package NUMERIC_STD (VHDL-1014)
INFO: analyzing package body NUMERIC_STD (VHDL-1013)
-- Analyzing VHDL file "C:/Xilinx/Vivado/2017.4/data/vhdl/src/ieee/distributable/numeric_bit.vhd" into library ieee (VHDL-9003)
INFO: analyzing package NUMERIC_BIT (VHDL-1014)
INFO: analyzing package body NUMERIC_BIT (VHDL-1013)
-- Analyzing VHDL file "C:/Xilinx/Vivado/2017.4/data/vhdl/src/synopsys/compileToIeee/std_logic_arith.vhd" into library ieee (VHDL-9003)
INFO: analyzing package std_logic_arith (VHDL-1014)
INFO: analyzing package body std_logic_arith (VHDL-1013)
-- Analyzing VHDL file "C:/Xilinx/Vivado/2017.4/data/vhdl/src/synopsys/compileToIeee/std_logic_unsigned.vhd" into library ieee (VHDL-9003)
INFO: analyzing package STD_LOGIC_UNSIGNED (VHDL-1014)
INFO: analyzing package body STD_LOGIC_UNSIGNED (VHDL-1013)
-- Analyzing VHDL file "C:/Xilinx/Vivado/2017.4/data/vhdl/src/synopsys/compileToIeee/std_logic_signed.vhd" into library ieee (VHDL-9003)
INFO: analyzing package STD_LOGIC_SIGNED (VHDL-1014)
INFO: analyzing package body STD_LOGIC_SIGNED (VHDL-1013)
-- Analyzing VHDL file "C:/Xilinx/Vivado/2017.4/data/vhdl/src/synopsys/compileToIeee/std_logic_misc.vhd" into library ieee (VHDL-9003)
INFO: analyzing package std_logic_misc (VHDL-1014)
INFO: analyzing package body std_logic_misc (VHDL-1013)
-- Analyzing VHDL file "C:/Xilinx/Vivado/2017.4/data/vhdl/src/synopsys/compileToIeee/std_logic_textio.vhd" into library ieee (VHDL-9003)
INFO: analyzing package STD_LOGIC_TEXTIO (VHDL-1014)
INFO: analyzing package body STD_LOGIC_TEXTIO (VHDL-1013)
ERROR: cannot open vhdl file C:/Xilinx/Vivado/2017.4/data/vhdl/src/ieee/restricted/math_real.vhd (VHDL-1515)
-- Analyzing VHDL file "C:/Xilinx/Vivado/2017.4/data/vhdl/src/unisims/unisim_retarget_VCOMP.vhd" into library unisim (VHDL-9003)
INFO: analyzing package VCOMPONENTS (VHDL-1014)
-- Analyzing VHDL file "C:/Xilinx/Vivado/2017.4/data/vhdl/src/unimacro/unimacro_VCOMP.vhd" into library unimacro (VHDL-9003)
INFO: analyzing package VCOMPONENTS (VHDL-1014)
INFO: analyzing package body VCOMPONENTS (VHDL-1013)
-- Analyzing VHDL file "C:/Xilinx/Vivado/2017.4/data/vhdl/src/../../parts/xilinx/rtl/lib/vhdl/xst/src/mixed_lang_vltype.vhd" into library vl (VHDL-9003)
INFO: analyzing package vl_types (VHDL-1014)
INFO: analyzing package body vl_types (VHDL-1013)
-- Analyzing VHDL file "C:/Xilinx/Vivado/2017.4/data/ip/xpm/xpm_VCOMP.vhd" into library xpm (VHDL-9003)
INFO: analyzing package VCOMPONENTS (VHDL-1014)
-- Analyzing VHDL file "F:/CISC24/CISC24.srcs/sources_1/bd/ALU/synth/ALU.vhd" into library xil_defaultlib (VHDL-9003)
INFO: analyzing entity ALU (VHDL-1012)
INFO: analyzing architecture STRUCTURE of entity alu (VHDL-9006)
Listing tops:
VHDL top: library:xil_defaultlib entity:alu arch:
VHDL top: library:xil_defaultlib entity:alu arch:
END of tops
F:/CISC24/CISC24.srcs/sources_1/bd/ALU/synth/ALU.vhd(14): INFO: executing ALU(STRUCTURE) (VHDL-1067)
F:/CISC24/CISC24.srcs/sources_1/bd/ALU/synth/ALU.vhd(136): WARNING: alu_alu_shift_unit_0_0 remains a black-box since it has no binding entity (VHDL-1250)
F:/CISC24/CISC24.srcs/sources_1/bd/ALU/synth/ALU.vhd(143): WARNING: alu_arith_unit_0_0 remains a black-box since it has no binding entity (VHDL-1250)
F:/CISC24/CISC24.srcs/sources_1/bd/ALU/synth/ALU.vhd(152): WARNING: alu_logic_unit_0_0 remains a black-box since it has no binding entity (VHDL-1250)
F:/CISC24/CISC24.srcs/sources_1/bd/ALU/synth/ALU.vhd(160): WARNING: alu_muxalu_0_0 remains a black-box since it has no binding entity (VHDL-1250)
F:/CISC24/CISC24.srcs/sources_1/bd/ALU/synth/ALU.vhd(175): WARNING: alu_multiplier_vhdl_0_0 remains a black-box since it has no binding entity (VHDL-1250)
F:/CISC24/CISC24.srcs/sources_1/bd/ALU/synth/ALU.vhd(182): WARNING: alu_divider_0_0 remains a black-box since it has no binding entity (VHDL-1250)
srcscan exits with return value 0
