#-----------------------------------------------------------
# Vivado v2017.4 (64-bit)
# SW Build 2086221 on Fri Dec 15 20:55:39 MST 2017
# IP Build 2085800 on Fri Dec 15 22:25:07 MST 2017
# Start of session at: Sun Feb 17 23:07:44 2019
# Process ID: 6508
# Current directory: C:/Users/Aiden/Desktop/CISC24
# Command line: vivado.exe -gui_launcher_event rodinguilauncherevent24600 C:\Users\Aiden\Desktop\CISC24\CISC24.xpr
# Log file: C:/Users/Aiden/Desktop/CISC24/vivado.log
# Journal file: C:/Users/Aiden/Desktop/CISC24\vivado.jou
#-----------------------------------------------------------
start_gui
open_project C:/Users/Aiden/Desktop/CISC24/CISC24.xpr
Scanning sources...
Finished scanning sources
INFO: [IP_Flow 19-234] Refreshing IP repositories
INFO: [IP_Flow 19-1704] No user IP repositories specified
INFO: [IP_Flow 19-2313] Loaded Vivado IP repository 'C:/Xilinx/Vivado/2017.4/data/ip'.
open_project: Time (s): cpu = 00:00:13 ; elapsed = 00:00:11 . Memory (MB): peak = 865.797 ; gain = 161.508
update_compile_order -fileset sources_1
