#-----------------------------------------------------------
# Vivado v2017.4 (64-bit)
# SW Build 2086221 on Fri Dec 15 20:55:39 MST 2017
# IP Build 2085800 on Fri Dec 15 22:25:07 MST 2017
# Start of session at: Fri May  4 23:49:14 2018
# Process ID: 25980
# Current directory: C:/Users/Aiden/Desktop/CISC24
# Command line: vivado.exe -gui_launcher_event rodinguilauncherevent14856 C:\Users\Aiden\Desktop\CISC24\CISC24.xpr
# Log file: C:/Users/Aiden/Desktop/CISC24/vivado.log
# Journal file: C:/Users/Aiden/Desktop/CISC24\vivado.jou
#-----------------------------------------------------------
start_gui
open_project C:/Users/Aiden/Desktop/CISC24/CISC24.xpr
Scanning sources...
Finished scanning sources
INFO: [IP_Flow 19-234] Refreshing IP repositories
INFO: [IP_Flow 19-1704] No user IP repositories specified
INFO: [IP_Flow 19-2313] Loaded Vivado IP repository 'C:/Xilinx/Vivado/2017.4/data/ip'.
open_project: Time (s): cpu = 00:00:12 ; elapsed = 00:00:08 . Memory (MB): peak = 871.965 ; gain = 159.844
update_compile_order -fileset sources_1
exit
INFO: [Common 17-206] Exiting Vivado at Sat May  5 00:31:34 2018...
