
*** Running vivado
    with args -log ps2Controller.vds -m64 -product Vivado -mode batch -messageDb vivado.pb -notrace -source ps2Controller.tcl


****** Vivado v2017.4 (64-bit)
  **** SW Build 2086221 on Fri Dec 15 20:55:39 MST 2017
  **** IP Build 2085800 on Fri Dec 15 22:25:07 MST 2017
    ** Copyright 1986-2017 Xilinx, Inc. All Rights Reserved.

source ps2Controller.tcl -notrace
Command: synth_design -top ps2Controller -part xc7a100tcsg324-1
Starting synth_design
Attempting to get a license for feature 'Synthesis' and/or device 'xc7a100t'
INFO: [Common 17-349] Got license for feature 'Synthesis' and/or device 'xc7a100t'
INFO: Launching helper process for spawning children vivado processes
INFO: Helper process launched with PID 28824 
---------------------------------------------------------------------------------
Starting RTL Elaboration : Time (s): cpu = 00:00:04 ; elapsed = 00:00:04 . Memory (MB): peak = 346.191 ; gain = 100.371
---------------------------------------------------------------------------------
INFO: [Synth 8-638] synthesizing module 'ps2Controller' [C:/Users/Aiden/Desktop/CISC24/CISC24.srcs/sources_1/imports/Desktop/ps2Controller.vhd:28]
WARNING: [Synth 8-6014] Unused sequential element internal3_reg was removed.  [C:/Users/Aiden/Desktop/CISC24/CISC24.srcs/sources_1/imports/Desktop/ps2Controller.vhd:56]
INFO: [Synth 8-256] done synthesizing module 'ps2Controller' (1#1) [C:/Users/Aiden/Desktop/CISC24/CISC24.srcs/sources_1/imports/Desktop/ps2Controller.vhd:28]
---------------------------------------------------------------------------------
Finished RTL Elaboration : Time (s): cpu = 00:00:05 ; elapsed = 00:00:05 . Memory (MB): peak = 397.957 ; gain = 152.137
---------------------------------------------------------------------------------

Report Check Netlist: 
+------+------------------+-------+---------+-------+------------------+
|      |Item              |Errors |Warnings |Status |Description       |
+------+------------------+-------+---------+-------+------------------+
|1     |multi_driven_nets |      0|        0|Passed |Multi driven nets |
+------+------------------+-------+---------+-------+------------------+
---------------------------------------------------------------------------------
Finished RTL Optimization Phase 1 : Time (s): cpu = 00:00:05 ; elapsed = 00:00:05 . Memory (MB): peak = 397.957 ; gain = 152.137
---------------------------------------------------------------------------------
INFO: [Device 21-403] Loading part xc7a100tcsg324-1
INFO: [Project 1-570] Preparing netlist for logic optimization

Processing XDC Constraints
Initializing timing engine
Parsing XDC File [C:/Users/Aiden/Desktop/CISC24/CISC24.srcs/constrs_1/imports/Desktop/Nexys-4-DDR-Master.xdc]
WARNING: [Vivado 12-584] No ports matched 'CLK'. [C:/Users/Aiden/Desktop/CISC24/CISC24.srcs/constrs_1/imports/Desktop/Nexys-4-DDR-Master.xdc:7]
CRITICAL WARNING: [Common 17-55] 'set_property' expects at least one object. [C:/Users/Aiden/Desktop/CISC24/CISC24.srcs/constrs_1/imports/Desktop/Nexys-4-DDR-Master.xdc:7]
Resolution: If [get_<value>] was used to populate the object, check to make sure this command returns at least one valid object.
WARNING: [Vivado 12-584] No ports matched 'Sel[0]'. [C:/Users/Aiden/Desktop/CISC24/CISC24.srcs/constrs_1/imports/Desktop/Nexys-4-DDR-Master.xdc:13]
CRITICAL WARNING: [Common 17-55] 'set_property' expects at least one object. [C:/Users/Aiden/Desktop/CISC24/CISC24.srcs/constrs_1/imports/Desktop/Nexys-4-DDR-Master.xdc:13]
Resolution: If [get_<value>] was used to populate the object, check to make sure this command returns at least one valid object.
WARNING: [Vivado 12-584] No ports matched 'Sel[1]'. [C:/Users/Aiden/Desktop/CISC24/CISC24.srcs/constrs_1/imports/Desktop/Nexys-4-DDR-Master.xdc:14]
CRITICAL WARNING: [Common 17-55] 'set_property' expects at least one object. [C:/Users/Aiden/Desktop/CISC24/CISC24.srcs/constrs_1/imports/Desktop/Nexys-4-DDR-Master.xdc:14]
Resolution: If [get_<value>] was used to populate the object, check to make sure this command returns at least one valid object.
WARNING: [Vivado 12-584] No ports matched 'DebugSel'. [C:/Users/Aiden/Desktop/CISC24/CISC24.srcs/constrs_1/imports/Desktop/Nexys-4-DDR-Master.xdc:15]
CRITICAL WARNING: [Common 17-55] 'set_property' expects at least one object. [C:/Users/Aiden/Desktop/CISC24/CISC24.srcs/constrs_1/imports/Desktop/Nexys-4-DDR-Master.xdc:15]
Resolution: If [get_<value>] was used to populate the object, check to make sure this command returns at least one valid object.
WARNING: [Vivado 12-584] No ports matched 'DinSw[0]'. [C:/Users/Aiden/Desktop/CISC24/CISC24.srcs/constrs_1/imports/Desktop/Nexys-4-DDR-Master.xdc:16]
CRITICAL WARNING: [Common 17-55] 'set_property' expects at least one object. [C:/Users/Aiden/Desktop/CISC24/CISC24.srcs/constrs_1/imports/Desktop/Nexys-4-DDR-Master.xdc:16]
Resolution: If [get_<value>] was used to populate the object, check to make sure this command returns at least one valid object.
WARNING: [Vivado 12-584] No ports matched 'DinSw[1]'. [C:/Users/Aiden/Desktop/CISC24/CISC24.srcs/constrs_1/imports/Desktop/Nexys-4-DDR-Master.xdc:17]
CRITICAL WARNING: [Common 17-55] 'set_property' expects at least one object. [C:/Users/Aiden/Desktop/CISC24/CISC24.srcs/constrs_1/imports/Desktop/Nexys-4-DDR-Master.xdc:17]
Resolution: If [get_<value>] was used to populate the object, check to make sure this command returns at least one valid object.
WARNING: [Vivado 12-584] No ports matched 'DinSw[2]'. [C:/Users/Aiden/Desktop/CISC24/CISC24.srcs/constrs_1/imports/Desktop/Nexys-4-DDR-Master.xdc:18]
CRITICAL WARNING: [Common 17-55] 'set_property' expects at least one object. [C:/Users/Aiden/Desktop/CISC24/CISC24.srcs/constrs_1/imports/Desktop/Nexys-4-DDR-Master.xdc:18]
Resolution: If [get_<value>] was used to populate the object, check to make sure this command returns at least one valid object.
WARNING: [Vivado 12-584] No ports matched 'DinSw[3]'. [C:/Users/Aiden/Desktop/CISC24/CISC24.srcs/constrs_1/imports/Desktop/Nexys-4-DDR-Master.xdc:19]
CRITICAL WARNING: [Common 17-55] 'set_property' expects at least one object. [C:/Users/Aiden/Desktop/CISC24/CISC24.srcs/constrs_1/imports/Desktop/Nexys-4-DDR-Master.xdc:19]
Resolution: If [get_<value>] was used to populate the object, check to make sure this command returns at least one valid object.
WARNING: [Vivado 12-584] No ports matched 'DinSw[4]'. [C:/Users/Aiden/Desktop/CISC24/CISC24.srcs/constrs_1/imports/Desktop/Nexys-4-DDR-Master.xdc:20]
CRITICAL WARNING: [Common 17-55] 'set_property' expects at least one object. [C:/Users/Aiden/Desktop/CISC24/CISC24.srcs/constrs_1/imports/Desktop/Nexys-4-DDR-Master.xdc:20]
Resolution: If [get_<value>] was used to populate the object, check to make sure this command returns at least one valid object.
WARNING: [Vivado 12-584] No ports matched 'DinSw[5]'. [C:/Users/Aiden/Desktop/CISC24/CISC24.srcs/constrs_1/imports/Desktop/Nexys-4-DDR-Master.xdc:21]
CRITICAL WARNING: [Common 17-55] 'set_property' expects at least one object. [C:/Users/Aiden/Desktop/CISC24/CISC24.srcs/constrs_1/imports/Desktop/Nexys-4-DDR-Master.xdc:21]
Resolution: If [get_<value>] was used to populate the object, check to make sure this command returns at least one valid object.
WARNING: [Vivado 12-584] No ports matched 'DinSw[6]'. [C:/Users/Aiden/Desktop/CISC24/CISC24.srcs/constrs_1/imports/Desktop/Nexys-4-DDR-Master.xdc:22]
CRITICAL WARNING: [Common 17-55] 'set_property' expects at least one object. [C:/Users/Aiden/Desktop/CISC24/CISC24.srcs/constrs_1/imports/Desktop/Nexys-4-DDR-Master.xdc:22]
Resolution: If [get_<value>] was used to populate the object, check to make sure this command returns at least one valid object.
WARNING: [Vivado 12-584] No ports matched 'DinSw[7]'. [C:/Users/Aiden/Desktop/CISC24/CISC24.srcs/constrs_1/imports/Desktop/Nexys-4-DDR-Master.xdc:23]
CRITICAL WARNING: [Common 17-55] 'set_property' expects at least one object. [C:/Users/Aiden/Desktop/CISC24/CISC24.srcs/constrs_1/imports/Desktop/Nexys-4-DDR-Master.xdc:23]
Resolution: If [get_<value>] was used to populate the object, check to make sure this command returns at least one valid object.
WARNING: [Vivado 12-584] No ports matched 'DinSw[8]'. [C:/Users/Aiden/Desktop/CISC24/CISC24.srcs/constrs_1/imports/Desktop/Nexys-4-DDR-Master.xdc:24]
CRITICAL WARNING: [Common 17-55] 'set_property' expects at least one object. [C:/Users/Aiden/Desktop/CISC24/CISC24.srcs/constrs_1/imports/Desktop/Nexys-4-DDR-Master.xdc:24]
Resolution: If [get_<value>] was used to populate the object, check to make sure this command returns at least one valid object.
WARNING: [Vivado 12-584] No ports matched 'RegSel[0]'. [C:/Users/Aiden/Desktop/CISC24/CISC24.srcs/constrs_1/imports/Desktop/Nexys-4-DDR-Master.xdc:25]
CRITICAL WARNING: [Common 17-55] 'set_property' expects at least one object. [C:/Users/Aiden/Desktop/CISC24/CISC24.srcs/constrs_1/imports/Desktop/Nexys-4-DDR-Master.xdc:25]
Resolution: If [get_<value>] was used to populate the object, check to make sure this command returns at least one valid object.
WARNING: [Vivado 12-584] No ports matched 'RegSel[1]'. [C:/Users/Aiden/Desktop/CISC24/CISC24.srcs/constrs_1/imports/Desktop/Nexys-4-DDR-Master.xdc:26]
CRITICAL WARNING: [Common 17-55] 'set_property' expects at least one object. [C:/Users/Aiden/Desktop/CISC24/CISC24.srcs/constrs_1/imports/Desktop/Nexys-4-DDR-Master.xdc:26]
Resolution: If [get_<value>] was used to populate the object, check to make sure this command returns at least one valid object.
WARNING: [Vivado 12-584] No ports matched 'RegSel[2]'. [C:/Users/Aiden/Desktop/CISC24/CISC24.srcs/constrs_1/imports/Desktop/Nexys-4-DDR-Master.xdc:27]
CRITICAL WARNING: [Common 17-55] 'set_property' expects at least one object. [C:/Users/Aiden/Desktop/CISC24/CISC24.srcs/constrs_1/imports/Desktop/Nexys-4-DDR-Master.xdc:27]
Resolution: If [get_<value>] was used to populate the object, check to make sure this command returns at least one valid object.
WARNING: [Vivado 12-584] No ports matched 'Rst'. [C:/Users/Aiden/Desktop/CISC24/CISC24.srcs/constrs_1/imports/Desktop/Nexys-4-DDR-Master.xdc:28]
CRITICAL WARNING: [Common 17-55] 'set_property' expects at least one object. [C:/Users/Aiden/Desktop/CISC24/CISC24.srcs/constrs_1/imports/Desktop/Nexys-4-DDR-Master.xdc:28]
Resolution: If [get_<value>] was used to populate the object, check to make sure this command returns at least one valid object.
WARNING: [Vivado 12-584] No ports matched 'inttest[0]'. [C:/Users/Aiden/Desktop/CISC24/CISC24.srcs/constrs_1/imports/Desktop/Nexys-4-DDR-Master.xdc:33]
CRITICAL WARNING: [Common 17-55] 'set_property' expects at least one object. [C:/Users/Aiden/Desktop/CISC24/CISC24.srcs/constrs_1/imports/Desktop/Nexys-4-DDR-Master.xdc:33]
Resolution: If [get_<value>] was used to populate the object, check to make sure this command returns at least one valid object.
WARNING: [Vivado 12-584] No ports matched 'inttest[1]'. [C:/Users/Aiden/Desktop/CISC24/CISC24.srcs/constrs_1/imports/Desktop/Nexys-4-DDR-Master.xdc:34]
CRITICAL WARNING: [Common 17-55] 'set_property' expects at least one object. [C:/Users/Aiden/Desktop/CISC24/CISC24.srcs/constrs_1/imports/Desktop/Nexys-4-DDR-Master.xdc:34]
Resolution: If [get_<value>] was used to populate the object, check to make sure this command returns at least one valid object.
WARNING: [Vivado 12-584] No ports matched 'inttest[2]'. [C:/Users/Aiden/Desktop/CISC24/CISC24.srcs/constrs_1/imports/Desktop/Nexys-4-DDR-Master.xdc:35]
CRITICAL WARNING: [Common 17-55] 'set_property' expects at least one object. [C:/Users/Aiden/Desktop/CISC24/CISC24.srcs/constrs_1/imports/Desktop/Nexys-4-DDR-Master.xdc:35]
Resolution: If [get_<value>] was used to populate the object, check to make sure this command returns at least one valid object.
WARNING: [Vivado 12-584] No ports matched 'inttest[3]'. [C:/Users/Aiden/Desktop/CISC24/CISC24.srcs/constrs_1/imports/Desktop/Nexys-4-DDR-Master.xdc:36]
CRITICAL WARNING: [Common 17-55] 'set_property' expects at least one object. [C:/Users/Aiden/Desktop/CISC24/CISC24.srcs/constrs_1/imports/Desktop/Nexys-4-DDR-Master.xdc:36]
Resolution: If [get_<value>] was used to populate the object, check to make sure this command returns at least one valid object.
WARNING: [Vivado 12-584] No ports matched 'CCR[0]'. [C:/Users/Aiden/Desktop/CISC24/CISC24.srcs/constrs_1/imports/Desktop/Nexys-4-DDR-Master.xdc:37]
CRITICAL WARNING: [Common 17-55] 'set_property' expects at least one object. [C:/Users/Aiden/Desktop/CISC24/CISC24.srcs/constrs_1/imports/Desktop/Nexys-4-DDR-Master.xdc:37]
Resolution: If [get_<value>] was used to populate the object, check to make sure this command returns at least one valid object.
WARNING: [Vivado 12-584] No ports matched 'CCR[1]'. [C:/Users/Aiden/Desktop/CISC24/CISC24.srcs/constrs_1/imports/Desktop/Nexys-4-DDR-Master.xdc:38]
CRITICAL WARNING: [Common 17-55] 'set_property' expects at least one object. [C:/Users/Aiden/Desktop/CISC24/CISC24.srcs/constrs_1/imports/Desktop/Nexys-4-DDR-Master.xdc:38]
Resolution: If [get_<value>] was used to populate the object, check to make sure this command returns at least one valid object.
WARNING: [Vivado 12-584] No ports matched 'CCR[2]'. [C:/Users/Aiden/Desktop/CISC24/CISC24.srcs/constrs_1/imports/Desktop/Nexys-4-DDR-Master.xdc:39]
CRITICAL WARNING: [Common 17-55] 'set_property' expects at least one object. [C:/Users/Aiden/Desktop/CISC24/CISC24.srcs/constrs_1/imports/Desktop/Nexys-4-DDR-Master.xdc:39]
Resolution: If [get_<value>] was used to populate the object, check to make sure this command returns at least one valid object.
WARNING: [Vivado 12-584] No ports matched 'CCR[3]'. [C:/Users/Aiden/Desktop/CISC24/CISC24.srcs/constrs_1/imports/Desktop/Nexys-4-DDR-Master.xdc:40]
CRITICAL WARNING: [Common 17-55] 'set_property' expects at least one object. [C:/Users/Aiden/Desktop/CISC24/CISC24.srcs/constrs_1/imports/Desktop/Nexys-4-DDR-Master.xdc:40]
Resolution: If [get_<value>] was used to populate the object, check to make sure this command returns at least one valid object.
WARNING: [Vivado 12-584] No ports matched 'Cathode[7]'. [C:/Users/Aiden/Desktop/CISC24/CISC24.srcs/constrs_1/imports/Desktop/Nexys-4-DDR-Master.xdc:62]
CRITICAL WARNING: [Common 17-55] 'set_property' expects at least one object. [C:/Users/Aiden/Desktop/CISC24/CISC24.srcs/constrs_1/imports/Desktop/Nexys-4-DDR-Master.xdc:62]
Resolution: If [get_<value>] was used to populate the object, check to make sure this command returns at least one valid object.
WARNING: [Vivado 12-584] No ports matched 'Cathode[6]'. [C:/Users/Aiden/Desktop/CISC24/CISC24.srcs/constrs_1/imports/Desktop/Nexys-4-DDR-Master.xdc:63]
CRITICAL WARNING: [Common 17-55] 'set_property' expects at least one object. [C:/Users/Aiden/Desktop/CISC24/CISC24.srcs/constrs_1/imports/Desktop/Nexys-4-DDR-Master.xdc:63]
Resolution: If [get_<value>] was used to populate the object, check to make sure this command returns at least one valid object.
WARNING: [Vivado 12-584] No ports matched 'Cathode[5]'. [C:/Users/Aiden/Desktop/CISC24/CISC24.srcs/constrs_1/imports/Desktop/Nexys-4-DDR-Master.xdc:64]
CRITICAL WARNING: [Common 17-55] 'set_property' expects at least one object. [C:/Users/Aiden/Desktop/CISC24/CISC24.srcs/constrs_1/imports/Desktop/Nexys-4-DDR-Master.xdc:64]
Resolution: If [get_<value>] was used to populate the object, check to make sure this command returns at least one valid object.
WARNING: [Vivado 12-584] No ports matched 'Cathode[4]'. [C:/Users/Aiden/Desktop/CISC24/CISC24.srcs/constrs_1/imports/Desktop/Nexys-4-DDR-Master.xdc:65]
CRITICAL WARNING: [Common 17-55] 'set_property' expects at least one object. [C:/Users/Aiden/Desktop/CISC24/CISC24.srcs/constrs_1/imports/Desktop/Nexys-4-DDR-Master.xdc:65]
Resolution: If [get_<value>] was used to populate the object, check to make sure this command returns at least one valid object.
WARNING: [Vivado 12-584] No ports matched 'Cathode[3]'. [C:/Users/Aiden/Desktop/CISC24/CISC24.srcs/constrs_1/imports/Desktop/Nexys-4-DDR-Master.xdc:66]
CRITICAL WARNING: [Common 17-55] 'set_property' expects at least one object. [C:/Users/Aiden/Desktop/CISC24/CISC24.srcs/constrs_1/imports/Desktop/Nexys-4-DDR-Master.xdc:66]
Resolution: If [get_<value>] was used to populate the object, check to make sure this command returns at least one valid object.
WARNING: [Vivado 12-584] No ports matched 'Cathode[2]'. [C:/Users/Aiden/Desktop/CISC24/CISC24.srcs/constrs_1/imports/Desktop/Nexys-4-DDR-Master.xdc:67]
CRITICAL WARNING: [Common 17-55] 'set_property' expects at least one object. [C:/Users/Aiden/Desktop/CISC24/CISC24.srcs/constrs_1/imports/Desktop/Nexys-4-DDR-Master.xdc:67]
Resolution: If [get_<value>] was used to populate the object, check to make sure this command returns at least one valid object.
WARNING: [Vivado 12-584] No ports matched 'Cathode[1]'. [C:/Users/Aiden/Desktop/CISC24/CISC24.srcs/constrs_1/imports/Desktop/Nexys-4-DDR-Master.xdc:68]
CRITICAL WARNING: [Common 17-55] 'set_property' expects at least one object. [C:/Users/Aiden/Desktop/CISC24/CISC24.srcs/constrs_1/imports/Desktop/Nexys-4-DDR-Master.xdc:68]
Resolution: If [get_<value>] was used to populate the object, check to make sure this command returns at least one valid object.
WARNING: [Vivado 12-584] No ports matched 'Cathode[0]'. [C:/Users/Aiden/Desktop/CISC24/CISC24.srcs/constrs_1/imports/Desktop/Nexys-4-DDR-Master.xdc:70]
CRITICAL WARNING: [Common 17-55] 'set_property' expects at least one object. [C:/Users/Aiden/Desktop/CISC24/CISC24.srcs/constrs_1/imports/Desktop/Nexys-4-DDR-Master.xdc:70]
Resolution: If [get_<value>] was used to populate the object, check to make sure this command returns at least one valid object.
WARNING: [Vivado 12-584] No ports matched 'Anode[0]'. [C:/Users/Aiden/Desktop/CISC24/CISC24.srcs/constrs_1/imports/Desktop/Nexys-4-DDR-Master.xdc:71]
CRITICAL WARNING: [Common 17-55] 'set_property' expects at least one object. [C:/Users/Aiden/Desktop/CISC24/CISC24.srcs/constrs_1/imports/Desktop/Nexys-4-DDR-Master.xdc:71]
Resolution: If [get_<value>] was used to populate the object, check to make sure this command returns at least one valid object.
WARNING: [Vivado 12-584] No ports matched 'Anode[1]'. [C:/Users/Aiden/Desktop/CISC24/CISC24.srcs/constrs_1/imports/Desktop/Nexys-4-DDR-Master.xdc:72]
CRITICAL WARNING: [Common 17-55] 'set_property' expects at least one object. [C:/Users/Aiden/Desktop/CISC24/CISC24.srcs/constrs_1/imports/Desktop/Nexys-4-DDR-Master.xdc:72]
Resolution: If [get_<value>] was used to populate the object, check to make sure this command returns at least one valid object.
WARNING: [Vivado 12-584] No ports matched 'Anode[2]'. [C:/Users/Aiden/Desktop/CISC24/CISC24.srcs/constrs_1/imports/Desktop/Nexys-4-DDR-Master.xdc:73]
CRITICAL WARNING: [Common 17-55] 'set_property' expects at least one object. [C:/Users/Aiden/Desktop/CISC24/CISC24.srcs/constrs_1/imports/Desktop/Nexys-4-DDR-Master.xdc:73]
Resolution: If [get_<value>] was used to populate the object, check to make sure this command returns at least one valid object.
WARNING: [Vivado 12-584] No ports matched 'Anode[3]'. [C:/Users/Aiden/Desktop/CISC24/CISC24.srcs/constrs_1/imports/Desktop/Nexys-4-DDR-Master.xdc:74]
CRITICAL WARNING: [Common 17-55] 'set_property' expects at least one object. [C:/Users/Aiden/Desktop/CISC24/CISC24.srcs/constrs_1/imports/Desktop/Nexys-4-DDR-Master.xdc:74]
Resolution: If [get_<value>] was used to populate the object, check to make sure this command returns at least one valid object.
WARNING: [Vivado 12-584] No ports matched 'Anode[4]'. [C:/Users/Aiden/Desktop/CISC24/CISC24.srcs/constrs_1/imports/Desktop/Nexys-4-DDR-Master.xdc:75]
CRITICAL WARNING: [Common 17-55] 'set_property' expects at least one object. [C:/Users/Aiden/Desktop/CISC24/CISC24.srcs/constrs_1/imports/Desktop/Nexys-4-DDR-Master.xdc:75]
Resolution: If [get_<value>] was used to populate the object, check to make sure this command returns at least one valid object.
WARNING: [Vivado 12-584] No ports matched 'Anode[5]'. [C:/Users/Aiden/Desktop/CISC24/CISC24.srcs/constrs_1/imports/Desktop/Nexys-4-DDR-Master.xdc:76]
CRITICAL WARNING: [Common 17-55] 'set_property' expects at least one object. [C:/Users/Aiden/Desktop/CISC24/CISC24.srcs/constrs_1/imports/Desktop/Nexys-4-DDR-Master.xdc:76]
Resolution: If [get_<value>] was used to populate the object, check to make sure this command returns at least one valid object.
WARNING: [Vivado 12-584] No ports matched 'Anode[6]'. [C:/Users/Aiden/Desktop/CISC24/CISC24.srcs/constrs_1/imports/Desktop/Nexys-4-DDR-Master.xdc:77]
CRITICAL WARNING: [Common 17-55] 'set_property' expects at least one object. [C:/Users/Aiden/Desktop/CISC24/CISC24.srcs/constrs_1/imports/Desktop/Nexys-4-DDR-Master.xdc:77]
Resolution: If [get_<value>] was used to populate the object, check to make sure this command returns at least one valid object.
WARNING: [Vivado 12-584] No ports matched 'Anode[7]'. [C:/Users/Aiden/Desktop/CISC24/CISC24.srcs/constrs_1/imports/Desktop/Nexys-4-DDR-Master.xdc:78]
CRITICAL WARNING: [Common 17-55] 'set_property' expects at least one object. [C:/Users/Aiden/Desktop/CISC24/CISC24.srcs/constrs_1/imports/Desktop/Nexys-4-DDR-Master.xdc:78]
Resolution: If [get_<value>] was used to populate the object, check to make sure this command returns at least one valid object.
WARNING: [Vivado 12-584] No ports matched 'PS2_CLK'. [C:/Users/Aiden/Desktop/CISC24/CISC24.srcs/constrs_1/imports/Desktop/Nexys-4-DDR-Master.xdc:227]
CRITICAL WARNING: [Common 17-55] 'set_property' expects at least one object. [C:/Users/Aiden/Desktop/CISC24/CISC24.srcs/constrs_1/imports/Desktop/Nexys-4-DDR-Master.xdc:227]
Resolution: If [get_<value>] was used to populate the object, check to make sure this command returns at least one valid object.
WARNING: [Vivado 12-584] No ports matched 'PS2_DATA'. [C:/Users/Aiden/Desktop/CISC24/CISC24.srcs/constrs_1/imports/Desktop/Nexys-4-DDR-Master.xdc:228]
CRITICAL WARNING: [Common 17-55] 'set_property' expects at least one object. [C:/Users/Aiden/Desktop/CISC24/CISC24.srcs/constrs_1/imports/Desktop/Nexys-4-DDR-Master.xdc:228]
Resolution: If [get_<value>] was used to populate the object, check to make sure this command returns at least one valid object.
Finished Parsing XDC File [C:/Users/Aiden/Desktop/CISC24/CISC24.srcs/constrs_1/imports/Desktop/Nexys-4-DDR-Master.xdc]
INFO: [Project 1-236] Implementation specific constraints were found while reading constraint file [C:/Users/Aiden/Desktop/CISC24/CISC24.srcs/constrs_1/imports/Desktop/Nexys-4-DDR-Master.xdc]. These constraints will be ignored for synthesis but will be used in implementation. Impacted constraints are listed in the file [.Xil/ps2Controller_propImpl.xdc].
Resolution: To avoid this warning, move constraints listed in [.Xil/ps2Controller_propImpl.xdc] to another XDC file and exclude this new file from synthesis with the used_in_synthesis property (File Properties dialog in GUI) and re-run elaboration/synthesis.
Completed Processing XDC Constraints

INFO: [Project 1-111] Unisim Transformation Summary:
No Unisim elements were transformed.

Constraint Validation Runtime : Time (s): cpu = 00:00:00 ; elapsed = 00:00:00.002 . Memory (MB): peak = 741.910 ; gain = 0.000
---------------------------------------------------------------------------------
Finished Constraint Validation : Time (s): cpu = 00:00:14 ; elapsed = 00:00:14 . Memory (MB): peak = 741.910 ; gain = 496.090
---------------------------------------------------------------------------------
---------------------------------------------------------------------------------
Start Loading Part and Timing Information
---------------------------------------------------------------------------------
Loading part: xc7a100tcsg324-1
---------------------------------------------------------------------------------
Finished Loading Part and Timing Information : Time (s): cpu = 00:00:14 ; elapsed = 00:00:14 . Memory (MB): peak = 741.910 ; gain = 496.090
---------------------------------------------------------------------------------
---------------------------------------------------------------------------------
Start Applying 'set_property' XDC Constraints
---------------------------------------------------------------------------------
---------------------------------------------------------------------------------
Finished applying 'set_property' XDC Constraints : Time (s): cpu = 00:00:14 ; elapsed = 00:00:14 . Memory (MB): peak = 741.910 ; gain = 496.090
---------------------------------------------------------------------------------
WARNING: [Synth 8-6014] Unused sequential element bitcount_reg was removed.  [C:/Users/Aiden/Desktop/CISC24/CISC24.srcs/sources_1/imports/Desktop/ps2Controller.vhd:53]
INFO: [Synth 8-5544] ROM "state" won't be mapped to Block RAM because address size (1) smaller than threshold (5)
---------------------------------------------------------------------------------
Finished RTL Optimization Phase 2 : Time (s): cpu = 00:00:14 ; elapsed = 00:00:14 . Memory (MB): peak = 741.910 ; gain = 496.090
---------------------------------------------------------------------------------

Report RTL Partitions: 
+-+--------------+------------+----------+
| |RTL Partition |Replication |Instances |
+-+--------------+------------+----------+
+-+--------------+------------+----------+
---------------------------------------------------------------------------------
Start RTL Component Statistics 
---------------------------------------------------------------------------------
Detailed RTL Component Info : 
+---Adders : 
	   2 Input      4 Bit       Adders := 1     
+---Registers : 
	                4 Bit    Registers := 1     
+---Muxes : 
	   4 Input     11 Bit        Muxes := 2     
	   2 Input      4 Bit        Muxes := 2     
	   4 Input      4 Bit        Muxes := 1     
	   4 Input      2 Bit        Muxes := 1     
	   5 Input      2 Bit        Muxes := 1     
	   2 Input      2 Bit        Muxes := 2     
	   4 Input      1 Bit        Muxes := 11    
	   2 Input      1 Bit        Muxes := 2     
---------------------------------------------------------------------------------
Finished RTL Component Statistics 
---------------------------------------------------------------------------------
---------------------------------------------------------------------------------
Start RTL Hierarchical Component Statistics 
---------------------------------------------------------------------------------
Hierarchical RTL Component report 
Module ps2Controller 
Detailed RTL Component Info : 
+---Adders : 
	   2 Input      4 Bit       Adders := 1     
+---Registers : 
	                4 Bit    Registers := 1     
+---Muxes : 
	   4 Input     11 Bit        Muxes := 2     
	   2 Input      4 Bit        Muxes := 2     
	   4 Input      4 Bit        Muxes := 1     
	   4 Input      2 Bit        Muxes := 1     
	   5 Input      2 Bit        Muxes := 1     
	   2 Input      2 Bit        Muxes := 2     
	   4 Input      1 Bit        Muxes := 11    
	   2 Input      1 Bit        Muxes := 2     
---------------------------------------------------------------------------------
Finished RTL Hierarchical Component Statistics
---------------------------------------------------------------------------------
---------------------------------------------------------------------------------
Start Part Resource Summary
---------------------------------------------------------------------------------
Part Resources:
DSPs: 240 (col length:80)
BRAMs: 270 (col length: RAMB18 80 RAMB36 40)
---------------------------------------------------------------------------------
Finished Part Resource Summary
---------------------------------------------------------------------------------
---------------------------------------------------------------------------------
Start Cross Boundary and Area Optimization
---------------------------------------------------------------------------------
INFO: [Synth 8-5546] ROM "p_0_out" won't be mapped to RAM because it is too sparse
WARNING: [Synth 8-6014] Unused sequential element bitcount_reg was removed.  [C:/Users/Aiden/Desktop/CISC24/CISC24.srcs/sources_1/imports/Desktop/ps2Controller.vhd:53]
WARNING: [Synth 8-3332] Sequential element (internal_reg[10]) is unused and will be removed from module ps2Controller.
WARNING: [Synth 8-3332] Sequential element (internal_reg[9]) is unused and will be removed from module ps2Controller.
WARNING: [Synth 8-3332] Sequential element (internal_reg[0]) is unused and will be removed from module ps2Controller.
WARNING: [Synth 8-3332] Sequential element (internal2_reg[10]) is unused and will be removed from module ps2Controller.
WARNING: [Synth 8-3332] Sequential element (internal2_reg[9]) is unused and will be removed from module ps2Controller.
WARNING: [Synth 8-3332] Sequential element (internal2_reg[0]) is unused and will be removed from module ps2Controller.
---------------------------------------------------------------------------------
Finished Cross Boundary and Area Optimization : Time (s): cpu = 00:00:14 ; elapsed = 00:00:15 . Memory (MB): peak = 741.910 ; gain = 496.090
---------------------------------------------------------------------------------

Report RTL Partitions: 
+-+--------------+------------+----------+
| |RTL Partition |Replication |Instances |
+-+--------------+------------+----------+
+-+--------------+------------+----------+
---------------------------------------------------------------------------------
Start Applying XDC Timing Constraints
---------------------------------------------------------------------------------
---------------------------------------------------------------------------------
Finished Applying XDC Timing Constraints : Time (s): cpu = 00:00:22 ; elapsed = 00:00:22 . Memory (MB): peak = 741.910 ; gain = 496.090
---------------------------------------------------------------------------------
---------------------------------------------------------------------------------
Start Timing Optimization
---------------------------------------------------------------------------------
---------------------------------------------------------------------------------
Finished Timing Optimization : Time (s): cpu = 00:00:22 ; elapsed = 00:00:22 . Memory (MB): peak = 741.910 ; gain = 496.090
---------------------------------------------------------------------------------

Report RTL Partitions: 
+-+--------------+------------+----------+
| |RTL Partition |Replication |Instances |
+-+--------------+------------+----------+
+-+--------------+------------+----------+
---------------------------------------------------------------------------------
Start Technology Mapping
---------------------------------------------------------------------------------
---------------------------------------------------------------------------------
Finished Technology Mapping : Time (s): cpu = 00:00:22 ; elapsed = 00:00:22 . Memory (MB): peak = 758.637 ; gain = 512.816
---------------------------------------------------------------------------------

Report RTL Partitions: 
+-+--------------+------------+----------+
| |RTL Partition |Replication |Instances |
+-+--------------+------------+----------+
+-+--------------+------------+----------+
---------------------------------------------------------------------------------
Start IO Insertion
---------------------------------------------------------------------------------
---------------------------------------------------------------------------------
Start Flattening Before IO Insertion
---------------------------------------------------------------------------------
---------------------------------------------------------------------------------
Finished Flattening Before IO Insertion
---------------------------------------------------------------------------------
---------------------------------------------------------------------------------
Start Final Netlist Cleanup
---------------------------------------------------------------------------------
---------------------------------------------------------------------------------
Finished Final Netlist Cleanup
---------------------------------------------------------------------------------
---------------------------------------------------------------------------------
Finished IO Insertion : Time (s): cpu = 00:00:23 ; elapsed = 00:00:23 . Memory (MB): peak = 758.637 ; gain = 512.816
---------------------------------------------------------------------------------

Report Check Netlist: 
+------+------------------+-------+---------+-------+------------------+
|      |Item              |Errors |Warnings |Status |Description       |
+------+------------------+-------+---------+-------+------------------+
|1     |multi_driven_nets |      0|        0|Passed |Multi driven nets |
+------+------------------+-------+---------+-------+------------------+
---------------------------------------------------------------------------------
Start Renaming Generated Instances
---------------------------------------------------------------------------------
---------------------------------------------------------------------------------
Finished Renaming Generated Instances : Time (s): cpu = 00:00:23 ; elapsed = 00:00:23 . Memory (MB): peak = 758.637 ; gain = 512.816
---------------------------------------------------------------------------------

Report RTL Partitions: 
+-+--------------+------------+----------+
| |RTL Partition |Replication |Instances |
+-+--------------+------------+----------+
+-+--------------+------------+----------+
---------------------------------------------------------------------------------
Start Rebuilding User Hierarchy
---------------------------------------------------------------------------------
---------------------------------------------------------------------------------
Finished Rebuilding User Hierarchy : Time (s): cpu = 00:00:23 ; elapsed = 00:00:23 . Memory (MB): peak = 758.637 ; gain = 512.816
---------------------------------------------------------------------------------
---------------------------------------------------------------------------------
Start Renaming Generated Ports
---------------------------------------------------------------------------------
---------------------------------------------------------------------------------
Finished Renaming Generated Ports : Time (s): cpu = 00:00:23 ; elapsed = 00:00:23 . Memory (MB): peak = 758.637 ; gain = 512.816
---------------------------------------------------------------------------------
---------------------------------------------------------------------------------
Start Handling Custom Attributes
---------------------------------------------------------------------------------
---------------------------------------------------------------------------------
Finished Handling Custom Attributes : Time (s): cpu = 00:00:23 ; elapsed = 00:00:23 . Memory (MB): peak = 758.637 ; gain = 512.816
---------------------------------------------------------------------------------
---------------------------------------------------------------------------------
Start Renaming Generated Nets
---------------------------------------------------------------------------------
---------------------------------------------------------------------------------
Finished Renaming Generated Nets : Time (s): cpu = 00:00:23 ; elapsed = 00:00:23 . Memory (MB): peak = 758.637 ; gain = 512.816
---------------------------------------------------------------------------------
---------------------------------------------------------------------------------
Start Writing Synthesis Report
---------------------------------------------------------------------------------

Report BlackBoxes: 
+-+--------------+----------+
| |BlackBox name |Instances |
+-+--------------+----------+
+-+--------------+----------+

Report Cell Usage: 
+------+-----+------+
|      |Cell |Count |
+------+-----+------+
|1     |BUFG |     1|
|2     |LUT1 |     1|
|3     |LUT2 |     4|
|4     |LUT3 |     5|
|5     |LUT4 |     9|
|6     |LUT5 |    18|
|7     |LUT6 |    18|
|8     |FDCE |    32|
|9     |FDRE |     8|
|10    |IBUF |     3|
|11    |OBUF |    18|
+------+-----+------+

Report Instance Areas: 
+------+---------+-------+------+
|      |Instance |Module |Cells |
+------+---------+-------+------+
|1     |top      |       |   117|
+------+---------+-------+------+
---------------------------------------------------------------------------------
Finished Writing Synthesis Report : Time (s): cpu = 00:00:23 ; elapsed = 00:00:23 . Memory (MB): peak = 758.637 ; gain = 512.816
---------------------------------------------------------------------------------
Synthesis finished with 0 errors, 0 critical warnings and 8 warnings.
Synthesis Optimization Runtime : Time (s): cpu = 00:00:13 ; elapsed = 00:00:18 . Memory (MB): peak = 758.637 ; gain = 168.863
Synthesis Optimization Complete : Time (s): cpu = 00:00:23 ; elapsed = 00:00:23 . Memory (MB): peak = 758.637 ; gain = 512.816
INFO: [Project 1-571] Translating synthesized netlist
INFO: [Netlist 29-17] Analyzing 3 Unisim elements for replacement
INFO: [Netlist 29-28] Unisim Transformation completed in 0 CPU seconds
INFO: [Project 1-570] Preparing netlist for logic optimization
INFO: [Opt 31-138] Pushed 0 inverter(s) to 0 load pin(s).
INFO: [Project 1-111] Unisim Transformation Summary:
No Unisim elements were transformed.

INFO: [Common 17-83] Releasing license: Synthesis
16 Infos, 52 Warnings, 43 Critical Warnings and 0 Errors encountered.
synth_design completed successfully
synth_design: Time (s): cpu = 00:00:24 ; elapsed = 00:00:26 . Memory (MB): peak = 762.020 ; gain = 529.336
INFO: [Common 17-600] The following parameters have non-default value.
tcl.collectionResultDisplayLimit
INFO: [Common 17-1381] The checkpoint 'C:/Users/Aiden/Desktop/CISC24/CISC24.runs/synth_1/ps2Controller.dcp' has been generated.
INFO: [runtcl-4] Executing : report_utilization -file ps2Controller_utilization_synth.rpt -pb ps2Controller_utilization_synth.pb
report_utilization: Time (s): cpu = 00:00:00 ; elapsed = 00:00:00.036 . Memory (MB): peak = 762.020 ; gain = 0.000
INFO: [Common 17-206] Exiting Vivado at Fri May  4 12:45:10 2018...
