
*** Running vivado
    with args -log CISC24HW_MemDebugMux_0_0.vds -m64 -product Vivado -mode batch -messageDb vivado.pb -notrace -source CISC24HW_MemDebugMux_0_0.tcl


****** Vivado v2017.4 (64-bit)
  **** SW Build 2086221 on Fri Dec 15 20:55:39 MST 2017
  **** IP Build 2085800 on Fri Dec 15 22:25:07 MST 2017
    ** Copyright 1986-2017 Xilinx, Inc. All Rights Reserved.

source CISC24HW_MemDebugMux_0_0.tcl -notrace
Command: synth_design -top CISC24HW_MemDebugMux_0_0 -part xc7a100tcsg324-1 -mode out_of_context
Starting synth_design
Attempting to get a license for feature 'Synthesis' and/or device 'xc7a100t'
INFO: [Common 17-349] Got license for feature 'Synthesis' and/or device 'xc7a100t'
INFO: Launching helper process for spawning children vivado processes
INFO: Helper process launched with PID 17976 
---------------------------------------------------------------------------------
Starting RTL Elaboration : Time (s): cpu = 00:00:04 ; elapsed = 00:00:05 . Memory (MB): peak = 360.113 ; gain = 102.621
---------------------------------------------------------------------------------
INFO: [Synth 8-638] synthesizing module 'CISC24HW_MemDebugMux_0_0' [f:/CISC24/CISC24.srcs/sources_1/bd/CISC24HW/ip/CISC24HW_MemDebugMux_0_0/synth/CISC24HW_MemDebugMux_0_0.vhd:65]
INFO: [Synth 8-3491] module 'MemDebugMux' declared at 'F:/CISC24/CISC24.srcs/sources_1/new/MemDebugMux.vhd:34' bound to instance 'U0' of component 'MemDebugMux' [f:/CISC24/CISC24.srcs/sources_1/bd/CISC24HW/ip/CISC24HW_MemDebugMux_0_0/synth/CISC24HW_MemDebugMux_0_0.vhd:83]
INFO: [Synth 8-638] synthesizing module 'MemDebugMux' [F:/CISC24/CISC24.srcs/sources_1/new/MemDebugMux.vhd:41]
INFO: [Synth 8-226] default block is never used [F:/CISC24/CISC24.srcs/sources_1/new/MemDebugMux.vhd:46]
INFO: [Synth 8-256] done synthesizing module 'MemDebugMux' (1#1) [F:/CISC24/CISC24.srcs/sources_1/new/MemDebugMux.vhd:41]
INFO: [Synth 8-256] done synthesizing module 'CISC24HW_MemDebugMux_0_0' (2#1) [f:/CISC24/CISC24.srcs/sources_1/bd/CISC24HW/ip/CISC24HW_MemDebugMux_0_0/synth/CISC24HW_MemDebugMux_0_0.vhd:65]
WARNING: [Synth 8-3331] design MemDebugMux has unconnected port DinReg[23]
WARNING: [Synth 8-3331] design MemDebugMux has unconnected port DinReg[22]
WARNING: [Synth 8-3331] design MemDebugMux has unconnected port DinReg[21]
WARNING: [Synth 8-3331] design MemDebugMux has unconnected port DinReg[20]
WARNING: [Synth 8-3331] design MemDebugMux has unconnected port DinReg[19]
WARNING: [Synth 8-3331] design MemDebugMux has unconnected port DinReg[18]
WARNING: [Synth 8-3331] design MemDebugMux has unconnected port DinReg[17]
WARNING: [Synth 8-3331] design MemDebugMux has unconnected port DinReg[16]
WARNING: [Synth 8-3331] design MemDebugMux has unconnected port DinReg[15]
WARNING: [Synth 8-3331] design MemDebugMux has unconnected port DinReg[14]
WARNING: [Synth 8-3331] design MemDebugMux has unconnected port DinReg[13]
WARNING: [Synth 8-3331] design MemDebugMux has unconnected port DinReg[12]
WARNING: [Synth 8-3331] design MemDebugMux has unconnected port DinReg[11]
WARNING: [Synth 8-3331] design MemDebugMux has unconnected port DinReg[10]
---------------------------------------------------------------------------------
Finished RTL Elaboration : Time (s): cpu = 00:00:05 ; elapsed = 00:00:23 . Memory (MB): peak = 412.930 ; gain = 155.438
---------------------------------------------------------------------------------

Report Check Netlist: 
+------+------------------+-------+---------+-------+------------------+
|      |Item              |Errors |Warnings |Status |Description       |
+------+------------------+-------+---------+-------+------------------+
|1     |multi_driven_nets |      0|        0|Passed |Multi driven nets |
+------+------------------+-------+---------+-------+------------------+
---------------------------------------------------------------------------------
Finished RTL Optimization Phase 1 : Time (s): cpu = 00:00:05 ; elapsed = 00:00:47 . Memory (MB): peak = 412.930 ; gain = 155.438
---------------------------------------------------------------------------------
INFO: [Device 21-403] Loading part xc7a100tcsg324-1
INFO: [Project 1-570] Preparing netlist for logic optimization

Processing XDC Constraints
Initializing timing engine
Completed Processing XDC Constraints

INFO: [Project 1-111] Unisim Transformation Summary:
No Unisim elements were transformed.

Constraint Validation Runtime : Time (s): cpu = 00:00:00 ; elapsed = 00:00:00.024 . Memory (MB): peak = 663.523 ; gain = 0.004
---------------------------------------------------------------------------------
Finished Constraint Validation : Time (s): cpu = 00:00:14 ; elapsed = 00:01:48 . Memory (MB): peak = 663.523 ; gain = 406.031
---------------------------------------------------------------------------------
---------------------------------------------------------------------------------
Start Loading Part and Timing Information
---------------------------------------------------------------------------------
Loading part: xc7a100tcsg324-1
---------------------------------------------------------------------------------
Finished Loading Part and Timing Information : Time (s): cpu = 00:00:14 ; elapsed = 00:01:48 . Memory (MB): peak = 663.523 ; gain = 406.031
---------------------------------------------------------------------------------
---------------------------------------------------------------------------------
Start Applying 'set_property' XDC Constraints
---------------------------------------------------------------------------------
---------------------------------------------------------------------------------
Finished applying 'set_property' XDC Constraints : Time (s): cpu = 00:00:14 ; elapsed = 00:01:48 . Memory (MB): peak = 663.523 ; gain = 406.031
---------------------------------------------------------------------------------
---------------------------------------------------------------------------------
Finished RTL Optimization Phase 2 : Time (s): cpu = 00:00:14 ; elapsed = 00:01:48 . Memory (MB): peak = 663.523 ; gain = 406.031
---------------------------------------------------------------------------------

Report RTL Partitions: 
+-+--------------+------------+----------+
| |RTL Partition |Replication |Instances |
+-+--------------+------------+----------+
+-+--------------+------------+----------+
---------------------------------------------------------------------------------
Start RTL Component Statistics 
---------------------------------------------------------------------------------
Detailed RTL Component Info : 
+---Muxes : 
	   2 Input     10 Bit        Muxes := 1     
---------------------------------------------------------------------------------
Finished RTL Component Statistics 
---------------------------------------------------------------------------------
---------------------------------------------------------------------------------
Start RTL Hierarchical Component Statistics 
---------------------------------------------------------------------------------
Hierarchical RTL Component report 
Module MemDebugMux 
Detailed RTL Component Info : 
+---Muxes : 
	   2 Input     10 Bit        Muxes := 1     
---------------------------------------------------------------------------------
Finished RTL Hierarchical Component Statistics
---------------------------------------------------------------------------------
---------------------------------------------------------------------------------
Start Part Resource Summary
---------------------------------------------------------------------------------
Part Resources:
DSPs: 240 (col length:80)
BRAMs: 270 (col length: RAMB18 80 RAMB36 40)
---------------------------------------------------------------------------------
Finished Part Resource Summary
---------------------------------------------------------------------------------
---------------------------------------------------------------------------------
Start Cross Boundary and Area Optimization
---------------------------------------------------------------------------------
WARNING: [Synth 8-3331] design CISC24HW_MemDebugMux_0_0 has unconnected port DinReg[23]
WARNING: [Synth 8-3331] design CISC24HW_MemDebugMux_0_0 has unconnected port DinReg[22]
WARNING: [Synth 8-3331] design CISC24HW_MemDebugMux_0_0 has unconnected port DinReg[21]
WARNING: [Synth 8-3331] design CISC24HW_MemDebugMux_0_0 has unconnected port DinReg[20]
WARNING: [Synth 8-3331] design CISC24HW_MemDebugMux_0_0 has unconnected port DinReg[19]
WARNING: [Synth 8-3331] design CISC24HW_MemDebugMux_0_0 has unconnected port DinReg[18]
WARNING: [Synth 8-3331] design CISC24HW_MemDebugMux_0_0 has unconnected port DinReg[17]
WARNING: [Synth 8-3331] design CISC24HW_MemDebugMux_0_0 has unconnected port DinReg[16]
WARNING: [Synth 8-3331] design CISC24HW_MemDebugMux_0_0 has unconnected port DinReg[15]
WARNING: [Synth 8-3331] design CISC24HW_MemDebugMux_0_0 has unconnected port DinReg[14]
WARNING: [Synth 8-3331] design CISC24HW_MemDebugMux_0_0 has unconnected port DinReg[13]
WARNING: [Synth 8-3331] design CISC24HW_MemDebugMux_0_0 has unconnected port DinReg[12]
WARNING: [Synth 8-3331] design CISC24HW_MemDebugMux_0_0 has unconnected port DinReg[11]
WARNING: [Synth 8-3331] design CISC24HW_MemDebugMux_0_0 has unconnected port DinReg[10]
---------------------------------------------------------------------------------
Finished Cross Boundary and Area Optimization : Time (s): cpu = 00:00:15 ; elapsed = 00:01:48 . Memory (MB): peak = 663.523 ; gain = 406.031
---------------------------------------------------------------------------------

Report RTL Partitions: 
+-+--------------+------------+----------+
| |RTL Partition |Replication |Instances |
+-+--------------+------------+----------+
+-+--------------+------------+----------+
---------------------------------------------------------------------------------
Start Applying XDC Timing Constraints
---------------------------------------------------------------------------------
---------------------------------------------------------------------------------
Finished Applying XDC Timing Constraints : Time (s): cpu = 00:00:24 ; elapsed = 00:01:57 . Memory (MB): peak = 746.555 ; gain = 489.063
---------------------------------------------------------------------------------
---------------------------------------------------------------------------------
Start Timing Optimization
---------------------------------------------------------------------------------
---------------------------------------------------------------------------------
Finished Timing Optimization : Time (s): cpu = 00:00:24 ; elapsed = 00:01:57 . Memory (MB): peak = 746.555 ; gain = 489.063
---------------------------------------------------------------------------------

Report RTL Partitions: 
+-+--------------+------------+----------+
| |RTL Partition |Replication |Instances |
+-+--------------+------------+----------+
+-+--------------+------------+----------+
---------------------------------------------------------------------------------
Start Technology Mapping
---------------------------------------------------------------------------------
---------------------------------------------------------------------------------
Finished Technology Mapping : Time (s): cpu = 00:00:24 ; elapsed = 00:01:57 . Memory (MB): peak = 756.098 ; gain = 498.605
---------------------------------------------------------------------------------

Report RTL Partitions: 
+-+--------------+------------+----------+
| |RTL Partition |Replication |Instances |
+-+--------------+------------+----------+
+-+--------------+------------+----------+
---------------------------------------------------------------------------------
Start IO Insertion
---------------------------------------------------------------------------------
---------------------------------------------------------------------------------
Start Flattening Before IO Insertion
---------------------------------------------------------------------------------
---------------------------------------------------------------------------------
Finished Flattening Before IO Insertion
---------------------------------------------------------------------------------
---------------------------------------------------------------------------------
Start Final Netlist Cleanup
---------------------------------------------------------------------------------
---------------------------------------------------------------------------------
Finished Final Netlist Cleanup
---------------------------------------------------------------------------------
---------------------------------------------------------------------------------
Finished IO Insertion : Time (s): cpu = 00:00:24 ; elapsed = 00:01:58 . Memory (MB): peak = 756.098 ; gain = 498.605
---------------------------------------------------------------------------------

Report Check Netlist: 
+------+------------------+-------+---------+-------+------------------+
|      |Item              |Errors |Warnings |Status |Description       |
+------+------------------+-------+---------+-------+------------------+
|1     |multi_driven_nets |      0|        0|Passed |Multi driven nets |
+------+------------------+-------+---------+-------+------------------+
---------------------------------------------------------------------------------
Start Renaming Generated Instances
---------------------------------------------------------------------------------
---------------------------------------------------------------------------------
Finished Renaming Generated Instances : Time (s): cpu = 00:00:24 ; elapsed = 00:01:58 . Memory (MB): peak = 756.098 ; gain = 498.605
---------------------------------------------------------------------------------

Report RTL Partitions: 
+-+--------------+------------+----------+
| |RTL Partition |Replication |Instances |
+-+--------------+------------+----------+
+-+--------------+------------+----------+
---------------------------------------------------------------------------------
Start Rebuilding User Hierarchy
---------------------------------------------------------------------------------
---------------------------------------------------------------------------------
Finished Rebuilding User Hierarchy : Time (s): cpu = 00:00:24 ; elapsed = 00:01:58 . Memory (MB): peak = 756.098 ; gain = 498.605
---------------------------------------------------------------------------------
---------------------------------------------------------------------------------
Start Renaming Generated Ports
---------------------------------------------------------------------------------
---------------------------------------------------------------------------------
Finished Renaming Generated Ports : Time (s): cpu = 00:00:24 ; elapsed = 00:01:58 . Memory (MB): peak = 756.098 ; gain = 498.605
---------------------------------------------------------------------------------
---------------------------------------------------------------------------------
Start Handling Custom Attributes
---------------------------------------------------------------------------------
---------------------------------------------------------------------------------
Finished Handling Custom Attributes : Time (s): cpu = 00:00:24 ; elapsed = 00:01:58 . Memory (MB): peak = 756.098 ; gain = 498.605
---------------------------------------------------------------------------------
---------------------------------------------------------------------------------
Start Renaming Generated Nets
---------------------------------------------------------------------------------
---------------------------------------------------------------------------------
Finished Renaming Generated Nets : Time (s): cpu = 00:00:24 ; elapsed = 00:01:58 . Memory (MB): peak = 756.098 ; gain = 498.605
---------------------------------------------------------------------------------
---------------------------------------------------------------------------------
Start Writing Synthesis Report
---------------------------------------------------------------------------------

Report BlackBoxes: 
+-+--------------+----------+
| |BlackBox name |Instances |
+-+--------------+----------+
+-+--------------+----------+

Report Cell Usage: 
+------+-----+------+
|      |Cell |Count |
+------+-----+------+
|1     |LUT2 |     1|
|2     |LUT3 |     9|
+------+-----+------+

Report Instance Areas: 
+------+---------+------------+------+
|      |Instance |Module      |Cells |
+------+---------+------------+------+
|1     |top      |            |    10|
|2     |  U0     |MemDebugMux |    10|
+------+---------+------------+------+
---------------------------------------------------------------------------------
Finished Writing Synthesis Report : Time (s): cpu = 00:00:24 ; elapsed = 00:01:58 . Memory (MB): peak = 756.098 ; gain = 498.605
---------------------------------------------------------------------------------
Synthesis finished with 0 errors, 0 critical warnings and 14 warnings.
Synthesis Optimization Runtime : Time (s): cpu = 00:00:15 ; elapsed = 00:01:03 . Memory (MB): peak = 756.098 ; gain = 248.012
Synthesis Optimization Complete : Time (s): cpu = 00:00:25 ; elapsed = 00:01:58 . Memory (MB): peak = 756.098 ; gain = 498.605
INFO: [Project 1-571] Translating synthesized netlist
INFO: [Project 1-570] Preparing netlist for logic optimization
INFO: [Opt 31-138] Pushed 0 inverter(s) to 0 load pin(s).
INFO: [Project 1-111] Unisim Transformation Summary:
No Unisim elements were transformed.

INFO: [Common 17-83] Releasing license: Synthesis
15 Infos, 28 Warnings, 0 Critical Warnings and 0 Errors encountered.
synth_design completed successfully
synth_design: Time (s): cpu = 00:00:26 ; elapsed = 00:02:04 . Memory (MB): peak = 767.848 ; gain = 522.672
INFO: [Common 17-1381] The checkpoint 'F:/CISC24/CISC24.runs/CISC24HW_MemDebugMux_0_0_synth_1/CISC24HW_MemDebugMux_0_0.dcp' has been generated.
INFO: [Common 17-1381] The checkpoint 'F:/CISC24/CISC24.runs/CISC24HW_MemDebugMux_0_0_synth_1/CISC24HW_MemDebugMux_0_0.dcp' has been generated.
INFO: [runtcl-4] Executing : report_utilization -file CISC24HW_MemDebugMux_0_0_utilization_synth.rpt -pb CISC24HW_MemDebugMux_0_0_utilization_synth.pb
report_utilization: Time (s): cpu = 00:00:00 ; elapsed = 00:00:00.223 . Memory (MB): peak = 767.848 ; gain = 0.000
INFO: [Common 17-206] Exiting Vivado at Mon Apr  9 22:50:05 2018...
